INFO:root:Starting app...
INFO:root:CDF data PLATFORM_NUMBER = 6901939
INFO:root:CDF data FLOAT_SERIAL_NO = AI2632-18EU039
INFO:root:CDF data POSITIONING_SYSTEM = GPS
INFO:root:CDF data PLATFORM_TYPE = ARVOR
INFO:root:CDF data CYCLE_NUMBER = 21
INFO:root:CDF data DIRECTION = A
INFO:root:CDF data WMO_INST_TYPE = 844
INFO:root:CDF data JULD = 26258.88159722222
INFO:root:CDF data LONGITUDE = -8.983335
INFO:root:CDF data LATITUDE = 57.34376
INFO:root:CDF data POSITION_QC = 1
INFO:root:CDF dimension N_LEVELS = 102
INFO:root:CDF dimension N_PROF = 2
INFO:root:CDF data DATA_MODE = R
INFO:root:Using PRES
INFO:root:Using TEMP
INFO:root:Using PSAL
INFO:root:CDF data DATA_MODE = R
INFO:root:Using DOXY
INFO:root:Section 0 Start
INFO:root:Section 0 End
INFO:root:Section 1 Start
INFO:root:Section 1 End
INFO:root:Section 3 Start
INFO:root:Writing FXY Element F=3 X=15 Y=3
INFO:root:Writing FXY Element F=3 X=6 Y=18
INFO:root:Writing FXY Element F=3 X=6 Y=37
INFO:root:Section 3 End
INFO:root:Section 4 Start
INFO:root:Writing value 57.3438
INFO:root:Writing value -8.9833
INFO:root:Writing delayed replication index 0 for FXY Element F=0 X=7 Y=65
INFO:root:Writing value 43000.0000
INFO:root:Writing delayed replication index 0 for FXY Element F=0 X=22 Y=45
INFO:root:Writing value 284.3240
INFO:root:Writing delayed replication index 0 for FXY Element F=0 X=22 Y=64
INFO:root:Writing value 35.1970
INFO:root:Writing delayed replication index 1 for FXY Element F=0 X=7 Y=65
INFO:root:Writing value 62000.0000
INFO:root:Writing delayed replication index 1 for FXY Element F=0 X=22 Y=45
INFO:root:Writing value 284.3240
INFO:root:Writing delayed replication index 1 for FXY Element F=0 X=22 Y=64
INFO:root:Writing value 35.1980
INFO:root:Writing delayed replication index 2 for FXY Element F=0 X=7 Y=65
INFO:root:Writing value 76000.0000
INFO:root:Writing delayed replication index 2 for FXY Element F=0 X=22 Y=45
INFO:root:Writing value 284.3230
INFO:root:Writing delayed replication index 2 for FXY Element F=0 X=22 Y=64
INFO:root:Writing value 35.1980
INFO:root:Writing delayed replication index 3 for FXY Element F=0 X=7 Y=65
INFO:root:Writing value 91000.0000
INFO:root:Writing delayed replication index 3 for FXY Element F=0 X=22 Y=45
INFO:root:Writing value 284.3250
INFO:root:Writing delayed replication index 3 for FXY Element F=0 X=22 Y=64
INFO:root:Writing value 35.1970
INFO:root:Writing delayed replication index 4 for FXY Element F=0 X=7 Y=65
INFO:root:Writing value 107000.0000
INFO:root:Writing delayed replication index 4 for FXY Element F=0 X=22 Y=45
INFO:root:Writing value 284.3250
INFO:root:Writing delayed replication index 4 for FXY Element F=0 X=22 Y=64
INFO:root:Writing value 35.1980
INFO:root:Writing delayed replication index 5 for FXY Element F=0 X=7 Y=65
INFO:root:Writing value 122000.0000
INFO:root:Writing delayed replication index 5 for FXY Element F=0 X=22 Y=45
INFO:root:Writing value 284.3240
INFO:root:Writing delayed replication index 5 for FXY Element F=0 X=22 Y=64
INFO:root:Writing value 35.1980
INFO:root:Writing delayed replication index 6 for FXY Element F=0 X=7 Y=65
INFO:root:Writing value 135000.0000
INFO:root:Writing delayed replication index 6 for FXY Element F=0 X=22 Y=45
INFO:root:Writing value 284.3250
INFO:root:Writing delayed replication index 6 for FXY Element F=0 X=22 Y=64
INFO:root:Writing value 35.1970
INFO:root:Writing delayed replication index 7 for FXY Element F=0 X=7 Y=65
INFO:root:Writing value 147000.0000
INFO:root:Writing delayed replication index 7 for FXY Element F=0 X=22 Y=45
INFO:root:Writing value 284.3250
INFO:root:Writing delayed replication index 7 for FXY Element F=0 X=22 Y=64
INFO:root:Writing value 35.1970
INFO:root:Writing delayed replication index 8 for FXY Element F=0 X=7 Y=65
INFO:root:Writing value 160000.0000
INFO:root:Writing delayed replication index 8 for FXY Element F=0 X=22 Y=45
INFO:root:Writing value 284.3250
INFO:root:Writing delayed replication index 8 for FXY Element F=0 X=22 Y=64
INFO:root:Writing value 35.1980
INFO:root:Writing delayed replication index 9 for FXY Element F=0 X=7 Y=65
INFO:root:Writing value 172000.0000
INFO:root:Writing delayed replication index 9 for FXY Element F=0 X=22 Y=45
INFO:root:Writing value 284.3250
INFO:root:Writing delayed replication index 9 for FXY Element F=0 X=22 Y=64
INFO:root:Writing value 35.1970
INFO:root:Writing delayed replication index 10 for FXY Element F=0 X=7 Y=65
INFO:root:Writing value 182000.0000
INFO:root:Writing delayed replication index 10 for FXY Element F=0 X=22 Y=45
INFO:root:Writing value 284.3240
INFO:root:Writing delayed replication index 10 for FXY Element F=0 X=22 Y=64
INFO:root:Writing value 35.1980
INFO:root:Writing delayed replication index 11 for FXY Element F=0 X=7 Y=65
INFO:root:Writing value 191000.0000
INFO:root:Writing delayed replication index 11 for FXY Element F=0 X=22 Y=45
INFO:root:Writing value 284.3260
INFO:root:Writing delayed replication index 11 for FXY Element F=0 X=22 Y=64
INFO:root:Writing value 35.1970
INFO:root:Writing delayed replication index 12 for FXY Element F=0 X=7 Y=65
INFO:root:Writing value 201000.0000
INFO:root:Writing delayed replication index 12 for FXY Element F=0 X=22 Y=45
INFO:root:Writing value 284.3260
INFO:root:Writing delayed replication index 12 for FXY Element F=0 X=22 Y=64
INFO:root:Writing value 35.1980
INFO:root:Writing delayed replication index 13 for FXY Element F=0 X=7 Y=65
INFO:root:Writing value 211000.0000
INFO:root:Writing delayed replication index 13 for FXY Element F=0 X=22 Y=45
INFO:root:Writing value 284.3260
INFO:root:Writing delayed replication index 13 for FXY Element F=0 X=22 Y=64
INFO:root:Writing value 35.1980
INFO:root:Writing delayed replication index 14 for FXY Element F=0 X=7 Y=65
INFO:root:Writing value 224000.0000
INFO:root:Writing delayed replication index 14 for FXY Element F=0 X=22 Y=45
INFO:root:Writing value 284.3270
INFO:root:Writing delayed replication index 14 for FXY Element F=0 X=22 Y=64
INFO:root:Writing value 35.1980
INFO:root:Writing delayed replication index 15 for FXY Element F=0 X=7 Y=65
INFO:root:Writing value 239000.0000
INFO:root:Writing delayed replication index 15 for FXY Element F=0 X=22 Y=45
INFO:root:Writing value 284.3270
INFO:root:Writing delayed replication index 15 for FXY Element F=0 X=22 Y=64
INFO:root:Writing value 35.1970
INFO:root:Writing delayed replication index 16 for FXY Element F=0 X=7 Y=65
INFO:root:Writing value 254000.0000
INFO:root:Writing delayed replication index 16 for FXY Element F=0 X=22 Y=45
INFO:root:Writing value 284.3280
INFO:root:Writing delayed replication index 16 for FXY Element F=0 X=22 Y=64
INFO:root:Writing value 35.1970
INFO:root:Writing delayed replication index 17 for FXY Element F=0 X=7 Y=65
INFO:root:Writing value 268000.0000
INFO:root:Writing delayed replication index 17 for FXY Element F=0 X=22 Y=45
INFO:root:Writing value 284.3290
INFO:root:Writing delayed replication index 17 for FXY Element F=0 X=22 Y=64
INFO:root:Writing value 35.1970
INFO:root:Writing delayed replication index 18 for FXY Element F=0 X=7 Y=65
INFO:root:Writing value 282000.0000
INFO:root:Writing delayed replication index 18 for FXY Element F=0 X=22 Y=45
INFO:root:Writing value 284.3300
INFO:root:Writing delayed replication index 18 for FXY Element F=0 X=22 Y=64
INFO:root:Writing value 35.1970
INFO:root:Writing delayed replication index 19 for FXY Element F=0 X=7 Y=65
INFO:root:Writing value 297000.0000
INFO:root:Writing delayed replication index 19 for FXY Element F=0 X=22 Y=45
INFO:root:Writing value 284.3290
INFO:root:Writing delayed replication index 19 for FXY Element F=0 X=22 Y=64
INFO:root:Writing value 35.1980
INFO:root:Writing delayed replication index 20 for FXY Element F=0 X=7 Y=65
INFO:root:Writing value 308000.0000
INFO:root:Writing delayed replication index 20 for FXY Element F=0 X=22 Y=45
INFO:root:Writing value 284.3300
INFO:root:Writing delayed replication index 20 for FXY Element F=0 X=22 Y=64
INFO:root:Writing value 35.1970
INFO:root:Writing delayed replication index 21 for FXY Element F=0 X=7 Y=65
INFO:root:Writing value 317000.0000
INFO:root:Writing delayed replication index 21 for FXY Element F=0 X=22 Y=45
INFO:root:Writing value 284.3300
INFO:root:Writing delayed replication index 21 for FXY Element F=0 X=22 Y=64
INFO:root:Writing value 35.1970
INFO:root:Writing delayed replication index 22 for FXY Element F=0 X=7 Y=65
INFO:root:Writing value 328000.0000
INFO:root:Writing delayed replication index 22 for FXY Element F=0 X=22 Y=45
INFO:root:Writing value 284.3290
INFO:root:Writing delayed replication index 22 for FXY Element F=0 X=22 Y=64
INFO:root:Writing value 35.1980
INFO:root:Writing delayed replication index 23 for FXY Element F=0 X=7 Y=65
INFO:root:Writing value 339000.0000
INFO:root:Writing delayed replication index 23 for FXY Element F=0 X=22 Y=45
INFO:root:Writing value 284.3310
INFO:root:Writing delayed replication index 23 for FXY Element F=0 X=22 Y=64
INFO:root:Writing value 35.1970
INFO:root:Writing delayed replication index 24 for FXY Element F=0 X=7 Y=65
INFO:root:Writing value 347000.0000
INFO:root:Writing delayed replication index 24 for FXY Element F=0 X=22 Y=45
INFO:root:Writing value 284.3300
INFO:root:Writing delayed replication index 24 for FXY Element F=0 X=22 Y=64
INFO:root:Writing value 35.1970
INFO:root:Writing delayed replication index 25 for FXY Element F=0 X=7 Y=65
INFO:root:Writing value 356000.0000
INFO:root:Writing delayed replication index 25 for FXY Element F=0 X=22 Y=45
INFO:root:Writing value 284.3300
INFO:root:Writing delayed replication index 25 for FXY Element F=0 X=22 Y=64
INFO:root:Writing value 35.1980
INFO:root:Writing delayed replication index 26 for FXY Element F=0 X=7 Y=65
INFO:root:Writing value 366000.0000
INFO:root:Writing delayed replication index 26 for FXY Element F=0 X=22 Y=45
INFO:root:Writing value 284.3300
INFO:root:Writing delayed replication index 26 for FXY Element F=0 X=22 Y=64
INFO:root:Writing value 35.1980
INFO:root:Writing delayed replication index 27 for FXY Element F=0 X=7 Y=65
INFO:root:Writing value 379000.0000
INFO:root:Writing delayed replication index 27 for FXY Element F=0 X=22 Y=45
INFO:root:Writing value 284.3300
INFO:root:Writing delayed replication index 27 for FXY Element F=0 X=22 Y=64
INFO:root:Writing value 35.1970
INFO:root:Writing delayed replication index 28 for FXY Element F=0 X=7 Y=65
INFO:root:Writing value 392000.0000
INFO:root:Writing delayed replication index 28 for FXY Element F=0 X=22 Y=45
INFO:root:Writing value 284.3300
INFO:root:Writing delayed replication index 28 for FXY Element F=0 X=22 Y=64
INFO:root:Writing value 35.1970
INFO:root:Writing delayed replication index 29 for FXY Element F=0 X=7 Y=65
INFO:root:Writing value 400000.0000
INFO:root:Writing delayed replication index 29 for FXY Element F=0 X=22 Y=45
INFO:root:Writing value 284.3310
INFO:root:Writing delayed replication index 29 for FXY Element F=0 X=22 Y=64
INFO:root:Writing value 35.1970
INFO:root:Writing delayed replication index 30 for FXY Element F=0 X=7 Y=65
INFO:root:Writing value 407000.0000
INFO:root:Writing delayed replication index 30 for FXY Element F=0 X=22 Y=45
INFO:root:Writing value 284.3300
INFO:root:Writing delayed replication index 30 for FXY Element F=0 X=22 Y=64
INFO:root:Writing value 35.1980
INFO:root:Writing delayed replication index 31 for FXY Element F=0 X=7 Y=65
INFO:root:Writing value 419000.0000
INFO:root:Writing delayed replication index 31 for FXY Element F=0 X=22 Y=45
INFO:root:Writing value 284.3300
INFO:root:Writing delayed replication index 31 for FXY Element F=0 X=22 Y=64
INFO:root:Writing value 35.1970
INFO:root:Writing delayed replication index 32 for FXY Element F=0 X=7 Y=65
INFO:root:Writing value 434000.0000
INFO:root:Writing delayed replication index 32 for FXY Element F=0 X=22 Y=45
INFO:root:Writing value 284.3300
INFO:root:Writing delayed replication index 32 for FXY Element F=0 X=22 Y=64
INFO:root:Writing value 35.1980
INFO:root:Writing delayed replication index 33 for FXY Element F=0 X=7 Y=65
INFO:root:Writing value 445000.0000
INFO:root:Writing delayed replication index 33 for FXY Element F=0 X=22 Y=45
INFO:root:Writing value 284.3310
INFO:root:Writing delayed replication index 33 for FXY Element F=0 X=22 Y=64
INFO:root:Writing value 35.1970
INFO:root:Writing delayed replication index 34 for FXY Element F=0 X=7 Y=65
INFO:root:Writing value 455000.0000
INFO:root:Writing delayed replication index 34 for FXY Element F=0 X=22 Y=45
INFO:root:Writing value 284.3300
INFO:root:Writing delayed replication index 34 for FXY Element F=0 X=22 Y=64
INFO:root:Writing value 35.1980
INFO:root:Writing delayed replication index 35 for FXY Element F=0 X=7 Y=65
INFO:root:Writing value 469000.0000
INFO:root:Writing delayed replication index 35 for FXY Element F=0 X=22 Y=45
INFO:root:Writing value 284.3300
INFO:root:Writing delayed replication index 35 for FXY Element F=0 X=22 Y=64
INFO:root:Writing value 35.1970
INFO:root:Writing delayed replication index 36 for FXY Element F=0 X=7 Y=65
INFO:root:Writing value 483000.0000
INFO:root:Writing delayed replication index 36 for FXY Element F=0 X=22 Y=45
INFO:root:Writing value 284.3310
INFO:root:Writing delayed replication index 36 for FXY Element F=0 X=22 Y=64
INFO:root:Writing value 35.1970
INFO:root:Writing delayed replication index 37 for FXY Element F=0 X=7 Y=65
INFO:root:Writing value 492000.0000
INFO:root:Writing delayed replication index 37 for FXY Element F=0 X=22 Y=45
INFO:root:Writing value 284.3300
INFO:root:Writing delayed replication index 37 for FXY Element F=0 X=22 Y=64
INFO:root:Writing value 35.1980
INFO:root:Writing delayed replication index 38 for FXY Element F=0 X=7 Y=65
INFO:root:Writing value 501000.0000
INFO:root:Writing delayed replication index 38 for FXY Element F=0 X=22 Y=45
INFO:root:Writing value 284.3310
INFO:root:Writing delayed replication index 38 for FXY Element F=0 X=22 Y=64
INFO:root:Writing value 35.1970
INFO:root:Writing delayed replication index 39 for FXY Element F=0 X=7 Y=65
INFO:root:Writing value 512000.0000
INFO:root:Writing delayed replication index 39 for FXY Element F=0 X=22 Y=45
INFO:root:Writing value 284.3310
INFO:root:Writing delayed replication index 39 for FXY Element F=0 X=22 Y=64
INFO:root:Writing value 35.1980
INFO:root:Writing delayed replication index 40 for FXY Element F=0 X=7 Y=65
INFO:root:Writing value 523000.0000
INFO:root:Writing delayed replication index 40 for FXY Element F=0 X=22 Y=45
INFO:root:Writing value 284.3310
INFO:root:Writing delayed replication index 40 for FXY Element F=0 X=22 Y=64
INFO:root:Writing value 35.1970
INFO:root:Writing delayed replication index 41 for FXY Element F=0 X=7 Y=65
INFO:root:Writing value 535000.0000
INFO:root:Writing delayed replication index 41 for FXY Element F=0 X=22 Y=45
INFO:root:Writing value 284.3310
INFO:root:Writing delayed replication index 41 for FXY Element F=0 X=22 Y=64
INFO:root:Writing value 35.1980
INFO:root:Writing delayed replication index 42 for FXY Element F=0 X=7 Y=65
INFO:root:Writing value 550000.0000
INFO:root:Writing delayed replication index 42 for FXY Element F=0 X=22 Y=45
INFO:root:Writing value 284.3310
INFO:root:Writing delayed replication index 42 for FXY Element F=0 X=22 Y=64
INFO:root:Writing value 35.2000
INFO:root:Writing delayed replication index 43 for FXY Element F=0 X=7 Y=65
INFO:root:Writing value 564000.0000
INFO:root:Writing delayed replication index 43 for FXY Element F=0 X=22 Y=45
INFO:root:Writing value 284.3360
INFO:root:Writing delayed replication index 43 for FXY Element F=0 X=22 Y=64
INFO:root:Writing value 35.1990
INFO:root:Writing delayed replication index 44 for FXY Element F=0 X=7 Y=65
INFO:root:Writing value 578000.0000
INFO:root:Writing delayed replication index 44 for FXY Element F=0 X=22 Y=45
INFO:root:Writing value 284.3470
INFO:root:Writing delayed replication index 44 for FXY Element F=0 X=22 Y=64
INFO:root:Writing value 35.2020
INFO:root:Writing delayed replication index 45 for FXY Element F=0 X=7 Y=65
INFO:root:Writing value 592000.0000
INFO:root:Writing delayed replication index 45 for FXY Element F=0 X=22 Y=45
INFO:root:Writing value 284.3450
INFO:root:Writing delayed replication index 45 for FXY Element F=0 X=22 Y=64
INFO:root:Writing value 35.2030
INFO:root:Writing delayed replication index 46 for FXY Element F=0 X=7 Y=65
INFO:root:Writing value 606000.0000
INFO:root:Writing delayed replication index 46 for FXY Element F=0 X=22 Y=45
INFO:root:Writing value 284.3490
INFO:root:Writing delayed replication index 46 for FXY Element F=0 X=22 Y=64
INFO:root:Writing value 35.2030
INFO:root:Writing delayed replication index 47 for FXY Element F=0 X=7 Y=65
INFO:root:Writing value 619000.0000
INFO:root:Writing delayed replication index 47 for FXY Element F=0 X=22 Y=45
INFO:root:Writing value 284.3510
INFO:root:Writing delayed replication index 47 for FXY Element F=0 X=22 Y=64
INFO:root:Writing value 35.2040
INFO:root:Writing delayed replication index 48 for FXY Element F=0 X=7 Y=65
INFO:root:Writing value 630000.0000
INFO:root:Writing delayed replication index 48 for FXY Element F=0 X=22 Y=45
INFO:root:Writing value 284.3500
INFO:root:Writing delayed replication index 48 for FXY Element F=0 X=22 Y=64
INFO:root:Writing value 35.2050
INFO:root:Writing delayed replication index 49 for FXY Element F=0 X=7 Y=65
INFO:root:Writing value 642000.0000
INFO:root:Writing delayed replication index 49 for FXY Element F=0 X=22 Y=45
INFO:root:Writing value 284.3610
INFO:root:Writing delayed replication index 49 for FXY Element F=0 X=22 Y=64
INFO:root:Writing value 35.2070
INFO:root:Writing delayed replication index 50 for FXY Element F=0 X=7 Y=65
INFO:root:Writing value 656000.0000
INFO:root:Writing delayed replication index 50 for FXY Element F=0 X=22 Y=45
INFO:root:Writing value 284.3710
INFO:root:Writing delayed replication index 50 for FXY Element F=0 X=22 Y=64
INFO:root:Writing value 35.2090
INFO:root:Writing delayed replication index 51 for FXY Element F=0 X=7 Y=65
INFO:root:Writing value 674000.0000
INFO:root:Writing delayed replication index 51 for FXY Element F=0 X=22 Y=45
INFO:root:Writing value 284.3800
INFO:root:Writing delayed replication index 51 for FXY Element F=0 X=22 Y=64
INFO:root:Writing value 35.2150
INFO:root:Writing delayed replication index 52 for FXY Element F=0 X=7 Y=65
INFO:root:Writing value 687000.0000
INFO:root:Writing delayed replication index 52 for FXY Element F=0 X=22 Y=45
INFO:root:Writing value 284.3810
INFO:root:Writing delayed replication index 52 for FXY Element F=0 X=22 Y=64
INFO:root:Writing value 35.2160
INFO:root:Writing delayed replication index 53 for FXY Element F=0 X=7 Y=65
INFO:root:Writing value 700000.0000
INFO:root:Writing delayed replication index 53 for FXY Element F=0 X=22 Y=45
INFO:root:Writing value 284.3830
INFO:root:Writing delayed replication index 53 for FXY Element F=0 X=22 Y=64
INFO:root:Writing value 35.2190
INFO:root:Writing delayed replication index 54 for FXY Element F=0 X=7 Y=65
INFO:root:Writing value 714000.0000
INFO:root:Writing delayed replication index 54 for FXY Element F=0 X=22 Y=45
INFO:root:Writing value 284.3910
INFO:root:Writing delayed replication index 54 for FXY Element F=0 X=22 Y=64
INFO:root:Writing value 35.2230
INFO:root:Writing delayed replication index 55 for FXY Element F=0 X=7 Y=65
INFO:root:Writing value 727000.0000
INFO:root:Writing delayed replication index 55 for FXY Element F=0 X=22 Y=45
INFO:root:Writing value 284.4010
INFO:root:Writing delayed replication index 55 for FXY Element F=0 X=22 Y=64
INFO:root:Writing value 35.2240
INFO:root:Writing delayed replication index 56 for FXY Element F=0 X=7 Y=65
INFO:root:Writing value 739000.0000
INFO:root:Writing delayed replication index 56 for FXY Element F=0 X=22 Y=45
INFO:root:Writing value 284.4270
INFO:root:Writing delayed replication index 56 for FXY Element F=0 X=22 Y=64
INFO:root:Writing value 35.2360
INFO:root:Writing delayed replication index 57 for FXY Element F=0 X=7 Y=65
INFO:root:Writing value 752000.0000
INFO:root:Writing delayed replication index 57 for FXY Element F=0 X=22 Y=45
INFO:root:Writing value 284.4420
INFO:root:Writing delayed replication index 57 for FXY Element F=0 X=22 Y=64
INFO:root:Writing value 35.2440
INFO:root:Writing delayed replication index 58 for FXY Element F=0 X=7 Y=65
INFO:root:Writing value 764000.0000
INFO:root:Writing delayed replication index 58 for FXY Element F=0 X=22 Y=45
INFO:root:Writing value 284.4410
INFO:root:Writing delayed replication index 58 for FXY Element F=0 X=22 Y=64
INFO:root:Writing value 35.2460
INFO:root:Writing delayed replication index 59 for FXY Element F=0 X=7 Y=65
INFO:root:Writing value 779000.0000
INFO:root:Writing delayed replication index 59 for FXY Element F=0 X=22 Y=45
INFO:root:Writing value 284.4430
INFO:root:Writing delayed replication index 59 for FXY Element F=0 X=22 Y=64
INFO:root:Writing value 35.2460
INFO:root:Writing delayed replication index 60 for FXY Element F=0 X=7 Y=65
INFO:root:Writing value 794000.0000
INFO:root:Writing delayed replication index 60 for FXY Element F=0 X=22 Y=45
INFO:root:Writing value 284.4450
INFO:root:Writing delayed replication index 60 for FXY Element F=0 X=22 Y=64
INFO:root:Writing value 35.2480
INFO:root:Writing delayed replication index 61 for FXY Element F=0 X=7 Y=65
INFO:root:Writing value 804000.0000
INFO:root:Writing delayed replication index 61 for FXY Element F=0 X=22 Y=45
INFO:root:Writing value 284.4450
INFO:root:Writing delayed replication index 61 for FXY Element F=0 X=22 Y=64
INFO:root:Writing value 35.2500
INFO:root:Writing delayed replication index 62 for FXY Element F=0 X=7 Y=65
INFO:root:Writing value 813000.0000
INFO:root:Writing delayed replication index 62 for FXY Element F=0 X=22 Y=45
INFO:root:Writing value 284.4460
INFO:root:Writing delayed replication index 62 for FXY Element F=0 X=22 Y=64
INFO:root:Writing value 35.2500
INFO:root:Writing delayed replication index 63 for FXY Element F=0 X=7 Y=65
INFO:root:Writing value 826000.0000
INFO:root:Writing delayed replication index 63 for FXY Element F=0 X=22 Y=45
INFO:root:Writing value 284.4440
INFO:root:Writing delayed replication index 63 for FXY Element F=0 X=22 Y=64
INFO:root:Writing value 35.2530
INFO:root:Writing delayed replication index 64 for FXY Element F=0 X=7 Y=65
INFO:root:Writing value 839000.0000
INFO:root:Writing delayed replication index 64 for FXY Element F=0 X=22 Y=45
INFO:root:Writing value 284.4350
INFO:root:Writing delayed replication index 64 for FXY Element F=0 X=22 Y=64
INFO:root:Writing value 35.2580
INFO:root:Writing delayed replication index 65 for FXY Element F=0 X=7 Y=65
INFO:root:Writing value 851000.0000
INFO:root:Writing delayed replication index 65 for FXY Element F=0 X=22 Y=45
INFO:root:Writing value 284.4210
INFO:root:Writing delayed replication index 65 for FXY Element F=0 X=22 Y=64
INFO:root:Writing value 35.2530
INFO:root:Writing delayed replication index 66 for FXY Element F=0 X=7 Y=65
INFO:root:Writing value 862000.0000
INFO:root:Writing delayed replication index 66 for FXY Element F=0 X=22 Y=45
INFO:root:Writing value 284.4080
INFO:root:Writing delayed replication index 66 for FXY Element F=0 X=22 Y=64
INFO:root:Writing value 35.2520
INFO:root:Writing delayed replication index 67 for FXY Element F=0 X=7 Y=65
INFO:root:Writing value 872000.0000
INFO:root:Writing delayed replication index 67 for FXY Element F=0 X=22 Y=45
INFO:root:Writing value 284.4060
INFO:root:Writing delayed replication index 67 for FXY Element F=0 X=22 Y=64
INFO:root:Writing value 35.2520
INFO:root:Writing delayed replication index 68 for FXY Element F=0 X=7 Y=65
INFO:root:Writing value 881000.0000
INFO:root:Writing delayed replication index 68 for FXY Element F=0 X=22 Y=45
INFO:root:Writing value 284.4050
INFO:root:Writing delayed replication index 68 for FXY Element F=0 X=22 Y=64
INFO:root:Writing value 35.2520
INFO:root:Writing delayed replication index 69 for FXY Element F=0 X=7 Y=65
INFO:root:Writing value 891000.0000
INFO:root:Writing delayed replication index 69 for FXY Element F=0 X=22 Y=45
INFO:root:Writing value 284.4100
INFO:root:Writing delayed replication index 69 for FXY Element F=0 X=22 Y=64
INFO:root:Writing value 35.2540
INFO:root:Writing delayed replication index 70 for FXY Element F=0 X=7 Y=65
INFO:root:Writing value 895000.0000
INFO:root:Writing delayed replication index 70 for FXY Element F=0 X=22 Y=45
INFO:root:Writing value 284.4200
INFO:root:Writing delayed replication index 70 for FXY Element F=0 X=22 Y=64
INFO:root:Writing value 35.2580
INFO:root:Writing delayed replication index 71 for FXY Element F=0 X=7 Y=65
INFO:root:Writing value 909000.0000
INFO:root:Writing delayed replication index 71 for FXY Element F=0 X=22 Y=45
INFO:root:Writing value 284.3950
INFO:root:Writing delayed replication index 71 for FXY Element F=0 X=22 Y=64
INFO:root:Writing value 35.2570
INFO:root:Writing delayed replication index 72 for FXY Element F=0 X=7 Y=65
INFO:root:Writing value 921000.0000
INFO:root:Writing delayed replication index 72 for FXY Element F=0 X=22 Y=45
INFO:root:Writing value 284.3800
INFO:root:Writing delayed replication index 72 for FXY Element F=0 X=22 Y=64
INFO:root:Writing value 35.2560
INFO:root:Writing delayed replication index 73 for FXY Element F=0 X=7 Y=65
INFO:root:Writing value 929000.0000
INFO:root:Writing delayed replication index 73 for FXY Element F=0 X=22 Y=45
INFO:root:Writing value 284.3690
INFO:root:Writing delayed replication index 73 for FXY Element F=0 X=22 Y=64
INFO:root:Writing value 35.2470
INFO:root:Writing delayed replication index 74 for FXY Element F=0 X=7 Y=65
INFO:root:Writing value 938000.0000
INFO:root:Writing delayed replication index 74 for FXY Element F=0 X=22 Y=45
INFO:root:Writing value 284.3450
INFO:root:Writing delayed replication index 74 for FXY Element F=0 X=22 Y=64
INFO:root:Writing value 35.2510
INFO:root:Writing delayed replication index 75 for FXY Element F=0 X=7 Y=65
INFO:root:Writing value 948000.0000
INFO:root:Writing delayed replication index 75 for FXY Element F=0 X=22 Y=45
INFO:root:Writing value 284.3410
INFO:root:Writing delayed replication index 75 for FXY Element F=0 X=22 Y=64
INFO:root:Writing value 35.2490
INFO:root:Writing delayed replication index 76 for FXY Element F=0 X=7 Y=65
INFO:root:Writing value 961000.0000
INFO:root:Writing delayed replication index 76 for FXY Element F=0 X=22 Y=45
INFO:root:Writing value 284.3150
INFO:root:Writing delayed replication index 76 for FXY Element F=0 X=22 Y=64
INFO:root:Writing value 35.2550
INFO:root:Writing delayed replication index 77 for FXY Element F=0 X=7 Y=65
INFO:root:Writing value 969000.0000
INFO:root:Writing delayed replication index 77 for FXY Element F=0 X=22 Y=45
INFO:root:Writing value 284.2960
INFO:root:Writing delayed replication index 77 for FXY Element F=0 X=22 Y=64
INFO:root:Writing value 35.2590
INFO:root:Writing delayed replication index 78 for FXY Element F=0 X=7 Y=65
INFO:root:Writing value 975000.0000
INFO:root:Writing delayed replication index 78 for FXY Element F=0 X=22 Y=45
INFO:root:Writing value 284.2940
INFO:root:Writing delayed replication index 78 for FXY Element F=0 X=22 Y=64
INFO:root:Writing value 35.2630
INFO:root:Writing delayed replication index 79 for FXY Element F=0 X=7 Y=65
INFO:root:Writing value 985000.0000
INFO:root:Writing delayed replication index 79 for FXY Element F=0 X=22 Y=45
INFO:root:Writing value 284.2870
INFO:root:Writing delayed replication index 79 for FXY Element F=0 X=22 Y=64
INFO:root:Writing value 35.2690
INFO:root:Writing delayed replication index 80 for FXY Element F=0 X=7 Y=65
INFO:root:Writing value 995000.0000
INFO:root:Writing delayed replication index 80 for FXY Element F=0 X=22 Y=45
INFO:root:Writing value 284.2430
INFO:root:Writing delayed replication index 80 for FXY Element F=0 X=22 Y=64
INFO:root:Writing value 35.2750
INFO:root:Writing delayed replication index 81 for FXY Element F=0 X=7 Y=65
INFO:root:Writing value 1011000.0000
INFO:root:Writing delayed replication index 81 for FXY Element F=0 X=22 Y=45
INFO:root:Writing value 284.2300
INFO:root:Writing delayed replication index 81 for FXY Element F=0 X=22 Y=64
INFO:root:Writing value 35.2740
INFO:root:Writing delayed replication index 82 for FXY Element F=0 X=7 Y=65
INFO:root:Writing value 1032000.0000
INFO:root:Writing delayed replication index 82 for FXY Element F=0 X=22 Y=45
INFO:root:Writing value 284.2060
INFO:root:Writing delayed replication index 82 for FXY Element F=0 X=22 Y=64
INFO:root:Writing value 35.2780
INFO:root:Writing delayed replication index 83 for FXY Element F=0 X=7 Y=65
INFO:root:Writing value 1054000.0000
INFO:root:Writing delayed replication index 83 for FXY Element F=0 X=22 Y=45
INFO:root:Writing value 284.1900
INFO:root:Writing delayed replication index 83 for FXY Element F=0 X=22 Y=64
INFO:root:Writing value 35.2810
INFO:root:Writing delayed replication index 84 for FXY Element F=0 X=7 Y=65
INFO:root:Writing value 1074000.0000
INFO:root:Writing delayed replication index 84 for FXY Element F=0 X=22 Y=45
INFO:root:Writing value 284.1580
INFO:root:Writing delayed replication index 84 for FXY Element F=0 X=22 Y=64
INFO:root:Writing value 35.2930
INFO:root:Writing delayed replication index 85 for FXY Element F=0 X=7 Y=65
INFO:root:Writing value 1095000.0000
INFO:root:Writing delayed replication index 85 for FXY Element F=0 X=22 Y=45
INFO:root:Writing value 284.1090
INFO:root:Writing delayed replication index 85 for FXY Element F=0 X=22 Y=64
INFO:root:Writing value 35.3030
INFO:root:Writing delayed replication index 86 for FXY Element F=0 X=7 Y=65
INFO:root:Writing value 1115000.0000
INFO:root:Writing delayed replication index 86 for FXY Element F=0 X=22 Y=45
INFO:root:Writing value 284.0600
INFO:root:Writing delayed replication index 86 for FXY Element F=0 X=22 Y=64
INFO:root:Writing value 35.3110
INFO:root:Writing delayed replication index 87 for FXY Element F=0 X=7 Y=65
INFO:root:Writing value 1134000.0000
INFO:root:Writing delayed replication index 87 for FXY Element F=0 X=22 Y=45
INFO:root:Writing value 284.0260
INFO:root:Writing delayed replication index 87 for FXY Element F=0 X=22 Y=64
INFO:root:Writing value 35.3160
INFO:root:Writing delayed replication index 88 for FXY Element F=0 X=7 Y=65
INFO:root:Writing value 1152000.0000
INFO:root:Writing delayed replication index 88 for FXY Element F=0 X=22 Y=45
INFO:root:Writing value 283.9390
INFO:root:Writing delayed replication index 88 for FXY Element F=0 X=22 Y=64
INFO:root:Writing value 35.3340
INFO:root:Writing delayed replication index 89 for FXY Element F=0 X=7 Y=65
INFO:root:Writing value 1174000.0000
INFO:root:Writing delayed replication index 89 for FXY Element F=0 X=22 Y=45
INFO:root:Writing value 283.8670
INFO:root:Writing delayed replication index 89 for FXY Element F=0 X=22 Y=64
INFO:root:Writing value 35.3430
INFO:root:Writing delayed replication index 90 for FXY Element F=0 X=7 Y=65
INFO:root:Writing value 1194000.0000
INFO:root:Writing delayed replication index 90 for FXY Element F=0 X=22 Y=45
INFO:root:Writing value 283.8520
INFO:root:Writing delayed replication index 90 for FXY Element F=0 X=22 Y=64
INFO:root:Writing value 35.3440
INFO:root:Writing delayed replication index 91 for FXY Element F=0 X=7 Y=65
INFO:root:Writing value 1216000.0000
INFO:root:Writing delayed replication index 91 for FXY Element F=0 X=22 Y=45
INFO:root:Writing value 283.8380
INFO:root:Writing delayed replication index 91 for FXY Element F=0 X=22 Y=64
INFO:root:Writing value 35.3470
INFO:root:Writing delayed replication index 92 for FXY Element F=0 X=7 Y=65
INFO:root:Writing value 1238000.0000
INFO:root:Writing delayed replication index 92 for FXY Element F=0 X=22 Y=45
INFO:root:Writing value 283.8340
INFO:root:Writing delayed replication index 92 for FXY Element F=0 X=22 Y=64
INFO:root:Writing value 35.3480
INFO:root:Writing delayed replication index 93 for FXY Element F=0 X=7 Y=65
INFO:root:Writing value 1256000.0000
INFO:root:Writing delayed replication index 93 for FXY Element F=0 X=22 Y=45
INFO:root:Writing value 283.8330
INFO:root:Writing delayed replication index 93 for FXY Element F=0 X=22 Y=64
INFO:root:Writing value 35.3480
INFO:root:Writing delayed replication index 94 for FXY Element F=0 X=7 Y=65
INFO:root:Writing value 1274000.0000
INFO:root:Writing delayed replication index 94 for FXY Element F=0 X=22 Y=45
INFO:root:Writing value 283.8320
INFO:root:Writing delayed replication index 94 for FXY Element F=0 X=22 Y=64
INFO:root:Writing value 35.3470
INFO:root:Writing delayed replication index 95 for FXY Element F=0 X=7 Y=65
INFO:root:Writing value 1292000.0000
INFO:root:Writing delayed replication index 95 for FXY Element F=0 X=22 Y=45
INFO:root:Writing value 283.8280
INFO:root:Writing delayed replication index 95 for FXY Element F=0 X=22 Y=64
INFO:root:Writing value 35.3480
INFO:root:Writing delayed replication index 96 for FXY Element F=0 X=7 Y=65
INFO:root:Writing value 1311000.0000
INFO:root:Writing delayed replication index 96 for FXY Element F=0 X=22 Y=45
INFO:root:Writing value 283.8230
INFO:root:Writing delayed replication index 96 for FXY Element F=0 X=22 Y=64
INFO:root:Writing value 35.3490
INFO:root:Writing delayed replication index 97 for FXY Element F=0 X=7 Y=65
INFO:root:Writing value 1334000.0000
INFO:root:Writing delayed replication index 97 for FXY Element F=0 X=22 Y=45
INFO:root:Writing value 283.8230
INFO:root:Writing delayed replication index 97 for FXY Element F=0 X=22 Y=64
INFO:root:Writing value 35.3490
INFO:root:Writing delayed replication index 98 for FXY Element F=0 X=7 Y=65
INFO:root:Writing value 1355000.0000
INFO:root:Writing delayed replication index 98 for FXY Element F=0 X=22 Y=45
INFO:root:Writing value 283.8220
INFO:root:Writing delayed replication index 98 for FXY Element F=0 X=22 Y=64
INFO:root:Writing value 35.3490
INFO:root:Writing delayed replication index 99 for FXY Element F=0 X=7 Y=65
INFO:root:Writing value 1373000.0000
INFO:root:Writing delayed replication index 99 for FXY Element F=0 X=22 Y=45
INFO:root:Writing value 283.8220
INFO:root:Writing delayed replication index 99 for FXY Element F=0 X=22 Y=64
INFO:root:Writing value 35.3490
INFO:root:Writing delayed replication index 100 for FXY Element F=0 X=7 Y=65
INFO:root:Writing value 1395000.0000
INFO:root:Writing delayed replication index 100 for FXY Element F=0 X=22 Y=45
INFO:root:Writing value 283.8210
INFO:root:Writing delayed replication index 100 for FXY Element F=0 X=22 Y=64
INFO:root:Writing value 35.3490
INFO:root:Writing delayed replication index 101 for FXY Element F=0 X=7 Y=65
INFO:root:Writing value 1407000.0000
INFO:root:Writing delayed replication index 101 for FXY Element F=0 X=22 Y=45
INFO:root:Writing value 283.8190
INFO:root:Writing delayed replication index 101 for FXY Element F=0 X=22 Y=64
INFO:root:Writing value 35.3500
INFO:root:Writing delayed replication index 0 for FXY Element F=0 X=7 Y=65
INFO:root:Writing value 4000.0000
INFO:root:Writing delayed replication index 0 for FXY Element F=0 X=22 Y=45
INFO:root:Writing value 284.3210
INFO:root:Writing delayed replication index 0 for FXY Element F=0 X=22 Y=64
INFO:root:Writing value 35.1980
INFO:root:Writing delayed replication index 1 for FXY Element F=0 X=7 Y=65
INFO:root:Writing value 16000.0000
INFO:root:Writing delayed replication index 1 for FXY Element F=0 X=22 Y=45
INFO:root:Writing value 284.3230
INFO:root:Writing delayed replication index 1 for FXY Element F=0 X=22 Y=64
INFO:root:Writing value 35.1980
INFO:root:Writing delayed replication index 2 for FXY Element F=0 X=7 Y=65
INFO:root:Writing value 29000.0000
INFO:root:Writing delayed replication index 2 for FXY Element F=0 X=22 Y=45
INFO:root:Writing value 284.3240
INFO:root:Writing delayed replication index 2 for FXY Element F=0 X=22 Y=64
INFO:root:Writing value 35.1970
INFO:root:Writing delayed replication index 0 for FXY Element F=0 X=7 Y=62
INFO:root:Writing value 'all ones'
INFO:root:Writing delayed replication index 0 for FXY Element F=0 X=7 Y=65
INFO:root:Writing value 4000.0000
INFO:root:Writing delayed replication index 0 for FXY Element F=0 X=22 Y=188
INFO:root:Writing value 236.4880
INFO:root:Writing delayed replication index 1 for FXY Element F=0 X=7 Y=62
INFO:root:Writing value 'all ones'
INFO:root:Writing delayed replication index 1 for FXY Element F=0 X=7 Y=65
INFO:root:Writing value 16000.0000
INFO:root:Writing delayed replication index 1 for FXY Element F=0 X=22 Y=188
INFO:root:Writing value 236.2690
INFO:root:Writing delayed replication index 2 for FXY Element F=0 X=7 Y=62
INFO:root:Writing value 'all ones'
INFO:root:Writing delayed replication index 2 for FXY Element F=0 X=7 Y=65
INFO:root:Writing value 29000.0000
INFO:root:Writing delayed replication index 2 for FXY Element F=0 X=22 Y=188
INFO:root:Writing value 236.2440
INFO:root:Writing delayed replication index 3 for FXY Element F=0 X=7 Y=62
INFO:root:Writing value 'all ones'
INFO:root:Writing delayed replication index 3 for FXY Element F=0 X=7 Y=65
INFO:root:Writing value 43000.0000
INFO:root:Writing delayed replication index 3 for FXY Element F=0 X=22 Y=188
INFO:root:Writing value 236.2560
INFO:root:Writing delayed replication index 4 for FXY Element F=0 X=7 Y=62
INFO:root:Writing value 'all ones'
INFO:root:Writing delayed replication index 4 for FXY Element F=0 X=7 Y=65
INFO:root:Writing value 62000.0000
INFO:root:Writing delayed replication index 4 for FXY Element F=0 X=22 Y=188
INFO:root:Writing value 236.3090
INFO:root:Writing delayed replication index 5 for FXY Element F=0 X=7 Y=62
INFO:root:Writing value 'all ones'
INFO:root:Writing delayed replication index 5 for FXY Element F=0 X=7 Y=65
INFO:root:Writing value 76000.0000
INFO:root:Writing delayed replication index 5 for FXY Element F=0 X=22 Y=188
INFO:root:Writing value 236.2050
INFO:root:Writing delayed replication index 6 for FXY Element F=0 X=7 Y=62
INFO:root:Writing value 'all ones'
INFO:root:Writing delayed replication index 6 for FXY Element F=0 X=7 Y=65
INFO:root:Writing value 91000.0000
INFO:root:Writing delayed replication index 6 for FXY Element F=0 X=22 Y=188
INFO:root:Writing value 236.2200
INFO:root:Writing delayed replication index 7 for FXY Element F=0 X=7 Y=62
INFO:root:Writing value 'all ones'
INFO:root:Writing delayed replication index 7 for FXY Element F=0 X=7 Y=65
INFO:root:Writing value 107000.0000
INFO:root:Writing delayed replication index 7 for FXY Element F=0 X=22 Y=188
INFO:root:Writing value 236.2130
INFO:root:Writing delayed replication index 8 for FXY Element F=0 X=7 Y=62
INFO:root:Writing value 'all ones'
INFO:root:Writing delayed replication index 8 for FXY Element F=0 X=7 Y=65
INFO:root:Writing value 122000.0000
INFO:root:Writing delayed replication index 8 for FXY Element F=0 X=22 Y=188
INFO:root:Writing value 236.2640
INFO:root:Writing delayed replication index 9 for FXY Element F=0 X=7 Y=62
INFO:root:Writing value 'all ones'
INFO:root:Writing delayed replication index 9 for FXY Element F=0 X=7 Y=65
INFO:root:Writing value 135000.0000
INFO:root:Writing delayed replication index 9 for FXY Element F=0 X=22 Y=188
INFO:root:Writing value 236.2000
INFO:root:Writing delayed replication index 10 for FXY Element F=0 X=7 Y=62
INFO:root:Writing value 'all ones'
INFO:root:Writing delayed replication index 10 for FXY Element F=0 X=7 Y=65
INFO:root:Writing value 147000.0000
INFO:root:Writing delayed replication index 10 for FXY Element F=0 X=22 Y=188
INFO:root:Writing value 236.3260
INFO:root:Writing delayed replication index 11 for FXY Element F=0 X=7 Y=62
INFO:root:Writing value 'all ones'
INFO:root:Writing delayed replication index 11 for FXY Element F=0 X=7 Y=65
INFO:root:Writing value 160000.0000
INFO:root:Writing delayed replication index 11 for FXY Element F=0 X=22 Y=188
INFO:root:Writing value 236.4120
INFO:root:Writing delayed replication index 12 for FXY Element F=0 X=7 Y=62
INFO:root:Writing value 'all ones'
INFO:root:Writing delayed replication index 12 for FXY Element F=0 X=7 Y=65
INFO:root:Writing value 172000.0000
INFO:root:Writing delayed replication index 12 for FXY Element F=0 X=22 Y=188
INFO:root:Writing value 236.4240
INFO:root:Writing delayed replication index 13 for FXY Element F=0 X=7 Y=62
INFO:root:Writing value 'all ones'
INFO:root:Writing delayed replication index 13 for FXY Element F=0 X=7 Y=65
INFO:root:Writing value 182000.0000
INFO:root:Writing delayed replication index 13 for FXY Element F=0 X=22 Y=188
INFO:root:Writing value 236.3150
INFO:root:Writing delayed replication index 14 for FXY Element F=0 X=7 Y=62
INFO:root:Writing value 'all ones'
INFO:root:Writing delayed replication index 14 for FXY Element F=0 X=7 Y=65
INFO:root:Writing value 191000.0000
INFO:root:Writing delayed replication index 14 for FXY Element F=0 X=22 Y=188
INFO:root:Writing value 236.2490
INFO:root:Writing delayed replication index 15 for FXY Element F=0 X=7 Y=62
INFO:root:Writing value 'all ones'
INFO:root:Writing delayed replication index 15 for FXY Element F=0 X=7 Y=65
INFO:root:Writing value 201000.0000
INFO:root:Writing delayed replication index 15 for FXY Element F=0 X=22 Y=188
INFO:root:Writing value 236.2750
INFO:root:Writing delayed replication index 16 for FXY Element F=0 X=7 Y=62
INFO:root:Writing value 'all ones'
INFO:root:Writing delayed replication index 16 for FXY Element F=0 X=7 Y=65
INFO:root:Writing value 211000.0000
INFO:root:Writing delayed replication index 16 for FXY Element F=0 X=22 Y=188
INFO:root:Writing value 236.2260
INFO:root:Writing delayed replication index 17 for FXY Element F=0 X=7 Y=62
INFO:root:Writing value 'all ones'
INFO:root:Writing delayed replication index 17 for FXY Element F=0 X=7 Y=65
INFO:root:Writing value 224000.0000
INFO:root:Writing delayed replication index 17 for FXY Element F=0 X=22 Y=188
INFO:root:Writing value 236.1410
INFO:root:Writing delayed replication index 18 for FXY Element F=0 X=7 Y=62
INFO:root:Writing value 'all ones'
INFO:root:Writing delayed replication index 18 for FXY Element F=0 X=7 Y=65
INFO:root:Writing value 239000.0000
INFO:root:Writing delayed replication index 18 for FXY Element F=0 X=22 Y=188
INFO:root:Writing value 236.0790
INFO:root:Writing delayed replication index 19 for FXY Element F=0 X=7 Y=62
INFO:root:Writing value 'all ones'
INFO:root:Writing delayed replication index 19 for FXY Element F=0 X=7 Y=65
INFO:root:Writing value 254000.0000
INFO:root:Writing delayed replication index 19 for FXY Element F=0 X=22 Y=188
INFO:root:Writing value 235.8710
INFO:root:Writing delayed replication index 20 for FXY Element F=0 X=7 Y=62
INFO:root:Writing value 'all ones'
INFO:root:Writing delayed replication index 20 for FXY Element F=0 X=7 Y=65
INFO:root:Writing value 268000.0000
INFO:root:Writing delayed replication index 20 for FXY Element F=0 X=22 Y=188
INFO:root:Writing value 235.8840
INFO:root:Writing delayed replication index 21 for FXY Element F=0 X=7 Y=62
INFO:root:Writing value 'all ones'
INFO:root:Writing delayed replication index 21 for FXY Element F=0 X=7 Y=65
INFO:root:Writing value 282000.0000
INFO:root:Writing delayed replication index 21 for FXY Element F=0 X=22 Y=188
INFO:root:Writing value 235.9350
INFO:root:Writing delayed replication index 22 for FXY Element F=0 X=7 Y=62
INFO:root:Writing value 'all ones'
INFO:root:Writing delayed replication index 22 for FXY Element F=0 X=7 Y=65
INFO:root:Writing value 297000.0000
INFO:root:Writing delayed replication index 22 for FXY Element F=0 X=22 Y=188
INFO:root:Writing value 235.8880
INFO:root:Writing delayed replication index 23 for FXY Element F=0 X=7 Y=62
INFO:root:Writing value 'all ones'
INFO:root:Writing delayed replication index 23 for FXY Element F=0 X=7 Y=65
INFO:root:Writing value 308000.0000
INFO:root:Writing delayed replication index 23 for FXY Element F=0 X=22 Y=188
INFO:root:Writing value 235.8800
INFO:root:Writing delayed replication index 24 for FXY Element F=0 X=7 Y=62
INFO:root:Writing value 'all ones'
INFO:root:Writing delayed replication index 24 for FXY Element F=0 X=7 Y=65
INFO:root:Writing value 317000.0000
INFO:root:Writing delayed replication index 24 for FXY Element F=0 X=22 Y=188
INFO:root:Writing value 235.8490
INFO:root:Writing delayed replication index 25 for FXY Element F=0 X=7 Y=62
INFO:root:Writing value 'all ones'
INFO:root:Writing delayed replication index 25 for FXY Element F=0 X=7 Y=65
INFO:root:Writing value 328000.0000
INFO:root:Writing delayed replication index 25 for FXY Element F=0 X=22 Y=188
INFO:root:Writing value 235.9720
INFO:root:Writing delayed replication index 26 for FXY Element F=0 X=7 Y=62
INFO:root:Writing value 'all ones'
INFO:root:Writing delayed replication index 26 for FXY Element F=0 X=7 Y=65
INFO:root:Writing value 339000.0000
INFO:root:Writing delayed replication index 26 for FXY Element F=0 X=22 Y=188
INFO:root:Writing value 235.9550
INFO:root:Writing delayed replication index 27 for FXY Element F=0 X=7 Y=62
INFO:root:Writing value 'all ones'
INFO:root:Writing delayed replication index 27 for FXY Element F=0 X=7 Y=65
INFO:root:Writing value 347000.0000
INFO:root:Writing delayed replication index 27 for FXY Element F=0 X=22 Y=188
INFO:root:Writing value 235.9520
INFO:root:Writing delayed replication index 28 for FXY Element F=0 X=7 Y=62
INFO:root:Writing value 'all ones'
INFO:root:Writing delayed replication index 28 for FXY Element F=0 X=7 Y=65
INFO:root:Writing value 356000.0000
INFO:root:Writing delayed replication index 28 for FXY Element F=0 X=22 Y=188
INFO:root:Writing value 235.7850
INFO:root:Writing delayed replication index 29 for FXY Element F=0 X=7 Y=62
INFO:root:Writing value 'all ones'
INFO:root:Writing delayed replication index 29 for FXY Element F=0 X=7 Y=65
INFO:root:Writing value 366000.0000
INFO:root:Writing delayed replication index 29 for FXY Element F=0 X=22 Y=188
INFO:root:Writing value 235.8130
INFO:root:Writing delayed replication index 30 for FXY Element F=0 X=7 Y=62
INFO:root:Writing value 'all ones'
INFO:root:Writing delayed replication index 30 for FXY Element F=0 X=7 Y=65
INFO:root:Writing value 379000.0000
INFO:root:Writing delayed replication index 30 for FXY Element F=0 X=22 Y=188
INFO:root:Writing value 235.7490
INFO:root:Writing delayed replication index 31 for FXY Element F=0 X=7 Y=62
INFO:root:Writing value 'all ones'
INFO:root:Writing delayed replication index 31 for FXY Element F=0 X=7 Y=65
INFO:root:Writing value 392000.0000
INFO:root:Writing delayed replication index 31 for FXY Element F=0 X=22 Y=188
INFO:root:Writing value 235.7790
INFO:root:Writing delayed replication index 32 for FXY Element F=0 X=7 Y=62
INFO:root:Writing value 'all ones'
INFO:root:Writing delayed replication index 32 for FXY Element F=0 X=7 Y=65
INFO:root:Writing value 400000.0000
INFO:root:Writing delayed replication index 32 for FXY Element F=0 X=22 Y=188
INFO:root:Writing value 235.7860
INFO:root:Writing delayed replication index 33 for FXY Element F=0 X=7 Y=62
INFO:root:Writing value 'all ones'
INFO:root:Writing delayed replication index 33 for FXY Element F=0 X=7 Y=65
INFO:root:Writing value 407000.0000
INFO:root:Writing delayed replication index 33 for FXY Element F=0 X=22 Y=188
INFO:root:Writing value 235.7520
INFO:root:Writing delayed replication index 34 for FXY Element F=0 X=7 Y=62
INFO:root:Writing value 'all ones'
INFO:root:Writing delayed replication index 34 for FXY Element F=0 X=7 Y=65
INFO:root:Writing value 419000.0000
INFO:root:Writing delayed replication index 34 for FXY Element F=0 X=22 Y=188
INFO:root:Writing value 235.3430
INFO:root:Writing delayed replication index 35 for FXY Element F=0 X=7 Y=62
INFO:root:Writing value 'all ones'
INFO:root:Writing delayed replication index 35 for FXY Element F=0 X=7 Y=65
INFO:root:Writing value 434000.0000
INFO:root:Writing delayed replication index 35 for FXY Element F=0 X=22 Y=188
INFO:root:Writing value 235.2200
INFO:root:Writing delayed replication index 36 for FXY Element F=0 X=7 Y=62
INFO:root:Writing value 'all ones'
INFO:root:Writing delayed replication index 36 for FXY Element F=0 X=7 Y=65
INFO:root:Writing value 445000.0000
INFO:root:Writing delayed replication index 36 for FXY Element F=0 X=22 Y=188
INFO:root:Writing value 235.1170
INFO:root:Writing delayed replication index 37 for FXY Element F=0 X=7 Y=62
INFO:root:Writing value 'all ones'
INFO:root:Writing delayed replication index 37 for FXY Element F=0 X=7 Y=65
INFO:root:Writing value 455000.0000
INFO:root:Writing delayed replication index 37 for FXY Element F=0 X=22 Y=188
INFO:root:Writing value 234.9900
INFO:root:Writing delayed replication index 38 for FXY Element F=0 X=7 Y=62
INFO:root:Writing value 'all ones'
INFO:root:Writing delayed replication index 38 for FXY Element F=0 X=7 Y=65
INFO:root:Writing value 469000.0000
INFO:root:Writing delayed replication index 38 for FXY Element F=0 X=22 Y=188
INFO:root:Writing value 234.8790
INFO:root:Writing delayed replication index 39 for FXY Element F=0 X=7 Y=62
INFO:root:Writing value 'all ones'
INFO:root:Writing delayed replication index 39 for FXY Element F=0 X=7 Y=65
INFO:root:Writing value 483000.0000
INFO:root:Writing delayed replication index 39 for FXY Element F=0 X=22 Y=188
INFO:root:Writing value 234.7490
INFO:root:Writing delayed replication index 40 for FXY Element F=0 X=7 Y=62
INFO:root:Writing value 'all ones'
INFO:root:Writing delayed replication index 40 for FXY Element F=0 X=7 Y=65
INFO:root:Writing value 492000.0000
INFO:root:Writing delayed replication index 40 for FXY Element F=0 X=22 Y=188
INFO:root:Writing value 234.6490
INFO:root:Writing delayed replication index 41 for FXY Element F=0 X=7 Y=62
INFO:root:Writing value 'all ones'
INFO:root:Writing delayed replication index 41 for FXY Element F=0 X=7 Y=65
INFO:root:Writing value 501000.0000
INFO:root:Writing delayed replication index 41 for FXY Element F=0 X=22 Y=188
INFO:root:Writing value 234.6310
INFO:root:Writing delayed replication index 42 for FXY Element F=0 X=7 Y=62
INFO:root:Writing value 'all ones'
INFO:root:Writing delayed replication index 42 for FXY Element F=0 X=7 Y=65
INFO:root:Writing value 512000.0000
INFO:root:Writing delayed replication index 42 for FXY Element F=0 X=22 Y=188
INFO:root:Writing value 234.3720
INFO:root:Writing delayed replication index 43 for FXY Element F=0 X=7 Y=62
INFO:root:Writing value 'all ones'
INFO:root:Writing delayed replication index 43 for FXY Element F=0 X=7 Y=65
INFO:root:Writing value 523000.0000
INFO:root:Writing delayed replication index 43 for FXY Element F=0 X=22 Y=188
INFO:root:Writing value 234.2310
INFO:root:Writing delayed replication index 44 for FXY Element F=0 X=7 Y=62
INFO:root:Writing value 'all ones'
INFO:root:Writing delayed replication index 44 for FXY Element F=0 X=7 Y=65
INFO:root:Writing value 535000.0000
INFO:root:Writing delayed replication index 44 for FXY Element F=0 X=22 Y=188
INFO:root:Writing value 233.8590
INFO:root:Writing delayed replication index 45 for FXY Element F=0 X=7 Y=62
INFO:root:Writing value 'all ones'
INFO:root:Writing delayed replication index 45 for FXY Element F=0 X=7 Y=65
INFO:root:Writing value 550000.0000
INFO:root:Writing delayed replication index 45 for FXY Element F=0 X=22 Y=188
INFO:root:Writing value 233.6500
INFO:root:Writing delayed replication index 46 for FXY Element F=0 X=7 Y=62
INFO:root:Writing value 'all ones'
INFO:root:Writing delayed replication index 46 for FXY Element F=0 X=7 Y=65
INFO:root:Writing value 564000.0000
INFO:root:Writing delayed replication index 46 for FXY Element F=0 X=22 Y=188
INFO:root:Writing value 233.4670
INFO:root:Writing delayed replication index 47 for FXY Element F=0 X=7 Y=62
INFO:root:Writing value 'all ones'
INFO:root:Writing delayed replication index 47 for FXY Element F=0 X=7 Y=65
INFO:root:Writing value 578000.0000
INFO:root:Writing delayed replication index 47 for FXY Element F=0 X=22 Y=188
INFO:root:Writing value 233.2790
INFO:root:Writing delayed replication index 48 for FXY Element F=0 X=7 Y=62
INFO:root:Writing value 'all ones'
INFO:root:Writing delayed replication index 48 for FXY Element F=0 X=7 Y=65
INFO:root:Writing value 592000.0000
INFO:root:Writing delayed replication index 48 for FXY Element F=0 X=22 Y=188
INFO:root:Writing value 233.0620
INFO:root:Writing delayed replication index 49 for FXY Element F=0 X=7 Y=62
INFO:root:Writing value 'all ones'
INFO:root:Writing delayed replication index 49 for FXY Element F=0 X=7 Y=65
INFO:root:Writing value 606000.0000
INFO:root:Writing delayed replication index 49 for FXY Element F=0 X=22 Y=188
INFO:root:Writing value 232.6600
INFO:root:Writing delayed replication index 50 for FXY Element F=0 X=7 Y=62
INFO:root:Writing value 'all ones'
INFO:root:Writing delayed replication index 50 for FXY Element F=0 X=7 Y=65
INFO:root:Writing value 619000.0000
INFO:root:Writing delayed replication index 50 for FXY Element F=0 X=22 Y=188
INFO:root:Writing value 232.6220
INFO:root:Writing delayed replication index 51 for FXY Element F=0 X=7 Y=62
INFO:root:Writing value 'all ones'
INFO:root:Writing delayed replication index 51 for FXY Element F=0 X=7 Y=65
INFO:root:Writing value 630000.0000
INFO:root:Writing delayed replication index 51 for FXY Element F=0 X=22 Y=188
INFO:root:Writing value 232.4310
INFO:root:Writing delayed replication index 52 for FXY Element F=0 X=7 Y=62
INFO:root:Writing value 'all ones'
INFO:root:Writing delayed replication index 52 for FXY Element F=0 X=7 Y=65
INFO:root:Writing value 642000.0000
INFO:root:Writing delayed replication index 52 for FXY Element F=0 X=22 Y=188
INFO:root:Writing value 232.2260
INFO:root:Writing delayed replication index 53 for FXY Element F=0 X=7 Y=62
INFO:root:Writing value 'all ones'
INFO:root:Writing delayed replication index 53 for FXY Element F=0 X=7 Y=65
INFO:root:Writing value 656000.0000
INFO:root:Writing delayed replication index 53 for FXY Element F=0 X=22 Y=188
INFO:root:Writing value 231.9470
INFO:root:Writing delayed replication index 54 for FXY Element F=0 X=7 Y=62
INFO:root:Writing value 'all ones'
INFO:root:Writing delayed replication index 54 for FXY Element F=0 X=7 Y=65
INFO:root:Writing value 674000.0000
INFO:root:Writing delayed replication index 54 for FXY Element F=0 X=22 Y=188
INFO:root:Writing value 231.5050
INFO:root:Writing delayed replication index 55 for FXY Element F=0 X=7 Y=62
INFO:root:Writing value 'all ones'
INFO:root:Writing delayed replication index 55 for FXY Element F=0 X=7 Y=65
INFO:root:Writing value 687000.0000
INFO:root:Writing delayed replication index 55 for FXY Element F=0 X=22 Y=188
INFO:root:Writing value 231.3460
INFO:root:Writing delayed replication index 56 for FXY Element F=0 X=7 Y=62
INFO:root:Writing value 'all ones'
INFO:root:Writing delayed replication index 56 for FXY Element F=0 X=7 Y=65
INFO:root:Writing value 700000.0000
INFO:root:Writing delayed replication index 56 for FXY Element F=0 X=22 Y=188
INFO:root:Writing value 231.1550
INFO:root:Writing delayed replication index 57 for FXY Element F=0 X=7 Y=62
INFO:root:Writing value 'all ones'
INFO:root:Writing delayed replication index 57 for FXY Element F=0 X=7 Y=65
INFO:root:Writing value 714000.0000
INFO:root:Writing delayed replication index 57 for FXY Element F=0 X=22 Y=188
INFO:root:Writing value 230.9580
INFO:root:Writing delayed replication index 58 for FXY Element F=0 X=7 Y=62
INFO:root:Writing value 'all ones'
INFO:root:Writing delayed replication index 58 for FXY Element F=0 X=7 Y=65
INFO:root:Writing value 727000.0000
INFO:root:Writing delayed replication index 58 for FXY Element F=0 X=22 Y=188
INFO:root:Writing value 230.4940
INFO:root:Writing delayed replication index 59 for FXY Element F=0 X=7 Y=62
INFO:root:Writing value 'all ones'
INFO:root:Writing delayed replication index 59 for FXY Element F=0 X=7 Y=65
INFO:root:Writing value 739000.0000
INFO:root:Writing delayed replication index 59 for FXY Element F=0 X=22 Y=188
INFO:root:Writing value 230.1220
INFO:root:Writing delayed replication index 60 for FXY Element F=0 X=7 Y=62
INFO:root:Writing value 'all ones'
INFO:root:Writing delayed replication index 60 for FXY Element F=0 X=7 Y=65
INFO:root:Writing value 752000.0000
INFO:root:Writing delayed replication index 60 for FXY Element F=0 X=22 Y=188
INFO:root:Writing value 229.5860
INFO:root:Writing delayed replication index 61 for FXY Element F=0 X=7 Y=62
INFO:root:Writing value 'all ones'
INFO:root:Writing delayed replication index 61 for FXY Element F=0 X=7 Y=65
INFO:root:Writing value 764000.0000
INFO:root:Writing delayed replication index 61 for FXY Element F=0 X=22 Y=188
INFO:root:Writing value 229.3690
INFO:root:Writing delayed replication index 62 for FXY Element F=0 X=7 Y=62
INFO:root:Writing value 'all ones'
INFO:root:Writing delayed replication index 62 for FXY Element F=0 X=7 Y=65
INFO:root:Writing value 779000.0000
INFO:root:Writing delayed replication index 62 for FXY Element F=0 X=22 Y=188
INFO:root:Writing value 228.6410
INFO:root:Writing delayed replication index 63 for FXY Element F=0 X=7 Y=62
INFO:root:Writing value 'all ones'
INFO:root:Writing delayed replication index 63 for FXY Element F=0 X=7 Y=65
INFO:root:Writing value 794000.0000
INFO:root:Writing delayed replication index 63 for FXY Element F=0 X=22 Y=188
INFO:root:Writing value 227.9120
INFO:root:Writing delayed replication index 64 for FXY Element F=0 X=7 Y=62
INFO:root:Writing value 'all ones'
INFO:root:Writing delayed replication index 64 for FXY Element F=0 X=7 Y=65
INFO:root:Writing value 804000.0000
INFO:root:Writing delayed replication index 64 for FXY Element F=0 X=22 Y=188
INFO:root:Writing value 227.6680
INFO:root:Writing delayed replication index 65 for FXY Element F=0 X=7 Y=62
INFO:root:Writing value 'all ones'
INFO:root:Writing delayed replication index 65 for FXY Element F=0 X=7 Y=65
INFO:root:Writing value 813000.0000
INFO:root:Writing delayed replication index 65 for FXY Element F=0 X=22 Y=188
INFO:root:Writing value 227.1430
INFO:root:Writing delayed replication index 66 for FXY Element F=0 X=7 Y=62
INFO:root:Writing value 'all ones'
INFO:root:Writing delayed replication index 66 for FXY Element F=0 X=7 Y=65
INFO:root:Writing value 826000.0000
INFO:root:Writing delayed replication index 66 for FXY Element F=0 X=22 Y=188
INFO:root:Writing value 226.1030
INFO:root:Writing delayed replication index 67 for FXY Element F=0 X=7 Y=62
INFO:root:Writing value 'all ones'
INFO:root:Writing delayed replication index 67 for FXY Element F=0 X=7 Y=65
INFO:root:Writing value 839000.0000
INFO:root:Writing delayed replication index 67 for FXY Element F=0 X=22 Y=188
INFO:root:Writing value 225.7460
INFO:root:Writing delayed replication index 68 for FXY Element F=0 X=7 Y=62
INFO:root:Writing value 'all ones'
INFO:root:Writing delayed replication index 68 for FXY Element F=0 X=7 Y=65
INFO:root:Writing value 851000.0000
INFO:root:Writing delayed replication index 68 for FXY Element F=0 X=22 Y=188
INFO:root:Writing value 225.2760
INFO:root:Writing delayed replication index 69 for FXY Element F=0 X=7 Y=62
INFO:root:Writing value 'all ones'
INFO:root:Writing delayed replication index 69 for FXY Element F=0 X=7 Y=65
INFO:root:Writing value 862000.0000
INFO:root:Writing delayed replication index 69 for FXY Element F=0 X=22 Y=188
INFO:root:Writing value 224.7820
INFO:root:Writing delayed replication index 70 for FXY Element F=0 X=7 Y=62
INFO:root:Writing value 'all ones'
INFO:root:Writing delayed replication index 70 for FXY Element F=0 X=7 Y=65
INFO:root:Writing value 872000.0000
INFO:root:Writing delayed replication index 70 for FXY Element F=0 X=22 Y=188
INFO:root:Writing value 224.3900
INFO:root:Writing delayed replication index 71 for FXY Element F=0 X=7 Y=62
INFO:root:Writing value 'all ones'
INFO:root:Writing delayed replication index 71 for FXY Element F=0 X=7 Y=65
INFO:root:Writing value 881000.0000
INFO:root:Writing delayed replication index 71 for FXY Element F=0 X=22 Y=188
INFO:root:Writing value 223.9270
INFO:root:Writing delayed replication index 72 for FXY Element F=0 X=7 Y=62
INFO:root:Writing value 'all ones'
INFO:root:Writing delayed replication index 72 for FXY Element F=0 X=7 Y=65
INFO:root:Writing value 891000.0000
INFO:root:Writing delayed replication index 72 for FXY Element F=0 X=22 Y=188
INFO:root:Writing value 222.9870
INFO:root:Writing delayed replication index 73 for FXY Element F=0 X=7 Y=62
INFO:root:Writing value 'all ones'
INFO:root:Writing delayed replication index 73 for FXY Element F=0 X=7 Y=65
INFO:root:Writing value 895000.0000
INFO:root:Writing delayed replication index 73 for FXY Element F=0 X=22 Y=188
INFO:root:Writing value 221.3760
INFO:root:Writing delayed replication index 74 for FXY Element F=0 X=7 Y=62
INFO:root:Writing value 'all ones'
INFO:root:Writing delayed replication index 74 for FXY Element F=0 X=7 Y=65
INFO:root:Writing value 909000.0000
INFO:root:Writing delayed replication index 74 for FXY Element F=0 X=22 Y=188
INFO:root:Writing value 220.4540
INFO:root:Writing delayed replication index 75 for FXY Element F=0 X=7 Y=62
INFO:root:Writing value 'all ones'
INFO:root:Writing delayed replication index 75 for FXY Element F=0 X=7 Y=65
INFO:root:Writing value 921000.0000
INFO:root:Writing delayed replication index 75 for FXY Element F=0 X=22 Y=188
INFO:root:Writing value 219.4060
INFO:root:Writing delayed replication index 76 for FXY Element F=0 X=7 Y=62
INFO:root:Writing value 'all ones'
INFO:root:Writing delayed replication index 76 for FXY Element F=0 X=7 Y=65
INFO:root:Writing value 929000.0000
INFO:root:Writing delayed replication index 76 for FXY Element F=0 X=22 Y=188
INFO:root:Writing value 218.8590
INFO:root:Writing delayed replication index 77 for FXY Element F=0 X=7 Y=62
INFO:root:Writing value 'all ones'
INFO:root:Writing delayed replication index 77 for FXY Element F=0 X=7 Y=65
INFO:root:Writing value 938000.0000
INFO:root:Writing delayed replication index 77 for FXY Element F=0 X=22 Y=188
INFO:root:Writing value 218.2980
INFO:root:Writing delayed replication index 78 for FXY Element F=0 X=7 Y=62
INFO:root:Writing value 'all ones'
INFO:root:Writing delayed replication index 78 for FXY Element F=0 X=7 Y=65
INFO:root:Writing value 948000.0000
INFO:root:Writing delayed replication index 78 for FXY Element F=0 X=22 Y=188
INFO:root:Writing value 217.0220
INFO:root:Writing delayed replication index 79 for FXY Element F=0 X=7 Y=62
INFO:root:Writing value 'all ones'
INFO:root:Writing delayed replication index 79 for FXY Element F=0 X=7 Y=65
INFO:root:Writing value 961000.0000
INFO:root:Writing delayed replication index 79 for FXY Element F=0 X=22 Y=188
INFO:root:Writing value 215.4250
INFO:root:Writing delayed replication index 80 for FXY Element F=0 X=7 Y=62
INFO:root:Writing value 'all ones'
INFO:root:Writing delayed replication index 80 for FXY Element F=0 X=7 Y=65
INFO:root:Writing value 969000.0000
INFO:root:Writing delayed replication index 80 for FXY Element F=0 X=22 Y=188
INFO:root:Writing value 214.3840
INFO:root:Writing delayed replication index 81 for FXY Element F=0 X=7 Y=62
INFO:root:Writing value 'all ones'
INFO:root:Writing delayed replication index 81 for FXY Element F=0 X=7 Y=65
INFO:root:Writing value 975000.0000
INFO:root:Writing delayed replication index 81 for FXY Element F=0 X=22 Y=188
INFO:root:Writing value 213.3410
INFO:root:Writing delayed replication index 82 for FXY Element F=0 X=7 Y=62
INFO:root:Writing value 'all ones'
INFO:root:Writing delayed replication index 82 for FXY Element F=0 X=7 Y=65
INFO:root:Writing value 985000.0000
INFO:root:Writing delayed replication index 82 for FXY Element F=0 X=22 Y=188
INFO:root:Writing value 212.7520
INFO:root:Writing delayed replication index 83 for FXY Element F=0 X=7 Y=62
INFO:root:Writing value 'all ones'
INFO:root:Writing delayed replication index 83 for FXY Element F=0 X=7 Y=65
INFO:root:Writing value 995000.0000
INFO:root:Writing delayed replication index 83 for FXY Element F=0 X=22 Y=188
INFO:root:Writing value 212.2090
INFO:root:Writing delayed replication index 84 for FXY Element F=0 X=7 Y=62
INFO:root:Writing value 'all ones'
INFO:root:Writing delayed replication index 84 for FXY Element F=0 X=7 Y=65
INFO:root:Writing value 1011000.0000
INFO:root:Writing delayed replication index 84 for FXY Element F=0 X=22 Y=188
INFO:root:Writing value 211.4220
INFO:root:Writing delayed replication index 85 for FXY Element F=0 X=7 Y=62
INFO:root:Writing value 'all ones'
INFO:root:Writing delayed replication index 85 for FXY Element F=0 X=7 Y=65
INFO:root:Writing value 1032000.0000
INFO:root:Writing delayed replication index 85 for FXY Element F=0 X=22 Y=188
INFO:root:Writing value 210.3100
INFO:root:Writing delayed replication index 86 for FXY Element F=0 X=7 Y=62
INFO:root:Writing value 'all ones'
INFO:root:Writing delayed replication index 86 for FXY Element F=0 X=7 Y=65
INFO:root:Writing value 1054000.0000
INFO:root:Writing delayed replication index 86 for FXY Element F=0 X=22 Y=188
INFO:root:Writing value 209.0600
INFO:root:Writing delayed replication index 87 for FXY Element F=0 X=7 Y=62
INFO:root:Writing value 'all ones'
INFO:root:Writing delayed replication index 87 for FXY Element F=0 X=7 Y=65
INFO:root:Writing value 1074000.0000
INFO:root:Writing delayed replication index 87 for FXY Element F=0 X=22 Y=188
INFO:root:Writing value 207.8830
INFO:root:Writing delayed replication index 88 for FXY Element F=0 X=7 Y=62
INFO:root:Writing value 'all ones'
INFO:root:Writing delayed replication index 88 for FXY Element F=0 X=7 Y=65
INFO:root:Writing value 1095000.0000
INFO:root:Writing delayed replication index 88 for FXY Element F=0 X=22 Y=188
INFO:root:Writing value 207.0770
INFO:root:Writing delayed replication index 89 for FXY Element F=0 X=7 Y=62
INFO:root:Writing value 'all ones'
INFO:root:Writing delayed replication index 89 for FXY Element F=0 X=7 Y=65
INFO:root:Writing value 1115000.0000
INFO:root:Writing delayed replication index 89 for FXY Element F=0 X=22 Y=188
INFO:root:Writing value 206.2430
INFO:root:Writing delayed replication index 90 for FXY Element F=0 X=7 Y=62
INFO:root:Writing value 'all ones'
INFO:root:Writing delayed replication index 90 for FXY Element F=0 X=7 Y=65
INFO:root:Writing value 1134000.0000
INFO:root:Writing delayed replication index 90 for FXY Element F=0 X=22 Y=188
INFO:root:Writing value 205.6440
INFO:root:Writing delayed replication index 91 for FXY Element F=0 X=7 Y=62
INFO:root:Writing value 'all ones'
INFO:root:Writing delayed replication index 91 for FXY Element F=0 X=7 Y=65
INFO:root:Writing value 1152000.0000
INFO:root:Writing delayed replication index 91 for FXY Element F=0 X=22 Y=188
INFO:root:Writing value 205.4290
INFO:root:Writing delayed replication index 92 for FXY Element F=0 X=7 Y=62
INFO:root:Writing value 'all ones'
INFO:root:Writing delayed replication index 92 for FXY Element F=0 X=7 Y=65
INFO:root:Writing value 1174000.0000
INFO:root:Writing delayed replication index 92 for FXY Element F=0 X=22 Y=188
INFO:root:Writing value 205.3270
INFO:root:Writing delayed replication index 93 for FXY Element F=0 X=7 Y=62
INFO:root:Writing value 'all ones'
INFO:root:Writing delayed replication index 93 for FXY Element F=0 X=7 Y=65
INFO:root:Writing value 1194000.0000
INFO:root:Writing delayed replication index 93 for FXY Element F=0 X=22 Y=188
INFO:root:Writing value 205.1570
INFO:root:Writing delayed replication index 94 for FXY Element F=0 X=7 Y=62
INFO:root:Writing value 'all ones'
INFO:root:Writing delayed replication index 94 for FXY Element F=0 X=7 Y=65
INFO:root:Writing value 1216000.0000
INFO:root:Writing delayed replication index 94 for FXY Element F=0 X=22 Y=188
INFO:root:Writing value 204.9120
INFO:root:Writing delayed replication index 95 for FXY Element F=0 X=7 Y=62
INFO:root:Writing value 'all ones'
INFO:root:Writing delayed replication index 95 for FXY Element F=0 X=7 Y=65
INFO:root:Writing value 1238000.0000
INFO:root:Writing delayed replication index 95 for FXY Element F=0 X=22 Y=188
INFO:root:Writing value 204.6400
INFO:root:Writing delayed replication index 96 for FXY Element F=0 X=7 Y=62
INFO:root:Writing value 'all ones'
INFO:root:Writing delayed replication index 96 for FXY Element F=0 X=7 Y=65
INFO:root:Writing value 1256000.0000
INFO:root:Writing delayed replication index 96 for FXY Element F=0 X=22 Y=188
INFO:root:Writing value 204.4320
INFO:root:Writing delayed replication index 97 for FXY Element F=0 X=7 Y=62
INFO:root:Writing value 'all ones'
INFO:root:Writing delayed replication index 97 for FXY Element F=0 X=7 Y=65
INFO:root:Writing value 1274000.0000
INFO:root:Writing delayed replication index 97 for FXY Element F=0 X=22 Y=188
INFO:root:Writing value 204.1290
INFO:root:Writing delayed replication index 98 for FXY Element F=0 X=7 Y=62
INFO:root:Writing value 'all ones'
INFO:root:Writing delayed replication index 98 for FXY Element F=0 X=7 Y=65
INFO:root:Writing value 1292000.0000
INFO:root:Writing delayed replication index 98 for FXY Element F=0 X=22 Y=188
INFO:root:Writing value 203.7160
INFO:root:Writing delayed replication index 99 for FXY Element F=0 X=7 Y=62
INFO:root:Writing value 'all ones'
INFO:root:Writing delayed replication index 99 for FXY Element F=0 X=7 Y=65
INFO:root:Writing value 1311000.0000
INFO:root:Writing delayed replication index 99 for FXY Element F=0 X=22 Y=188
INFO:root:Writing value 203.4180
INFO:root:Writing delayed replication index 100 for FXY Element F=0 X=7 Y=62
INFO:root:Writing value 'all ones'
INFO:root:Writing delayed replication index 100 for FXY Element F=0 X=7 Y=65
INFO:root:Writing value 1334000.0000
INFO:root:Writing delayed replication index 100 for FXY Element F=0 X=22 Y=188
INFO:root:Writing value 203.0940
INFO:root:Writing delayed replication index 101 for FXY Element F=0 X=7 Y=62
INFO:root:Writing value 'all ones'
INFO:root:Writing delayed replication index 101 for FXY Element F=0 X=7 Y=65
INFO:root:Writing value 1355000.0000
INFO:root:Writing delayed replication index 101 for FXY Element F=0 X=22 Y=188
INFO:root:Writing value 202.8890
INFO:root:Writing delayed replication index 102 for FXY Element F=0 X=7 Y=62
INFO:root:Writing value 'all ones'
INFO:root:Writing delayed replication index 102 for FXY Element F=0 X=7 Y=65
INFO:root:Writing value 1373000.0000
INFO:root:Writing delayed replication index 102 for FXY Element F=0 X=22 Y=188
INFO:root:Writing value 202.8450
INFO:root:Writing delayed replication index 103 for FXY Element F=0 X=7 Y=62
INFO:root:Writing value 'all ones'
INFO:root:Writing delayed replication index 103 for FXY Element F=0 X=7 Y=65
INFO:root:Writing value 1395000.0000
INFO:root:Writing delayed replication index 103 for FXY Element F=0 X=22 Y=188
INFO:root:Writing value 202.9330
INFO:root:Writing delayed replication index 104 for FXY Element F=0 X=7 Y=62
INFO:root:Writing value 'all ones'
INFO:root:Writing delayed replication index 104 for FXY Element F=0 X=7 Y=65
INFO:root:Writing value 1407000.0000
INFO:root:Writing delayed replication index 104 for FXY Element F=0 X=22 Y=188
INFO:root:Writing value 202.5250
INFO:root:Section 4 End
INFO:root:Section 5 Start
INFO:root:Section 5 End
