Started 18/02/2021


One month ago was 20210120, month 01, year 2021
Two months ago was 20201221, month 12, year 2020
--
--
-- Starting monthly archiving run for Argo BUFR py3 data, commencing 20210218_11:28.
--
--
/home/marinedg/bin/argo/netcdf2bufr_py3
Removing 3073 netCDF files that are over 62 days old from /data/local/marinedg/argo/netcdf_py3/incoming/processed
--
Processing BUFR files at 20210218_11:28...
Tarring up 832 bufr files for 2021 01...
Putting Argo_netcdf2bufr_202101.tar.gz into MASS...
### put, command-id=1099472307, estimated-cost=2082839byte(s), files=1
Argo_netcdf2bufr_202101.tar.gz arrived in MASS OK, remove tar.gz file and tmp folder from exvmarproc01
Tarring up 818 bufr files for 2020 12...
Putting Argo_netcdf2bufr_202012.tar.gz into MASS...
### put, command-id=1099472329, estimated-cost=2032200byte(s), files=1
Argo_netcdf2bufr_202012.tar.gz arrived in MASS OK, remove tar.gz file and tmp folder from exvmarproc01
/home/marinedg/bin/argo/netcdf2bufr_py3
--
--
-- Ending monthly archiving run for Argo netcdf2bufr_py3 data, finished running at 20210218_11:28.
--
--
One month ago was 20210208, month 02, year 2021
Two months ago was 20210109, month 01, year 2021
--
--
-- Starting monthly archiving run for Argo BUFR py3 data, commencing 20210309_01:40.
--
--
/home/marinedg
Removing 0 netCDF files that are over 62 days old from /data/local/marinedg/argo/netcdf_py3/incoming/processed
--
Processing BUFR files at 20210309_01:40...
Tarring up 774 bufr files for 2021 02...
Putting Argo_netcdf2bufr_202102.tar.gz into MASS...
### put, command-id=1110222335, estimated-cost=1896587byte(s), files=1
Argo_netcdf2bufr_202102.tar.gz arrived in MASS OK, remove tar.gz file and tmp folder from exvmarproc01
/home/marinedg
--
--
-- Ending monthly archiving run for Argo netcdf2bufr_py3 data, finished running at 20210309_01:40.
--
--
One month ago was 20210311, month 03, year 2021
Two months ago was 20210209, month 02, year 2021
--
--
-- Starting monthly archiving run for Argo BUFR py3 data, commencing 20210409_01:40.
--
--
/home/marinedg
Removing 448 netCDF files that are over 62 days old from /data/local/marinedg/argo/netcdf_py3/incoming/processed
--
Processing BUFR files at 20210409_01:40...
Tarring up 836 bufr files for 2021 03...
Putting Argo_netcdf2bufr_202103.tar.gz into MASS...
### put, command-id=1129104195, estimated-cost=2292234byte(s), files=1
Argo_netcdf2bufr_202103.tar.gz arrived in MASS OK, remove tar.gz file and tmp folder from exvmarproc01
/home/marinedg
--
--
-- Ending monthly archiving run for Argo netcdf2bufr_py3 data, finished running at 20210409_01:40.
--
--
One month ago was 20210410, month 04, year 2021
Two months ago was 20210311, month 03, year 2021
--
--
-- Starting monthly archiving run for Argo BUFR py3 data, commencing 20210509_01:40.
--
--
/home/marinedg
Removing 717 netCDF files that are over 62 days old from /data/local/marinedg/argo/netcdf_py3/incoming/processed
--
Processing BUFR files at 20210509_01:40...
Tarring up 806 bufr files for 2021 04...
Putting Argo_netcdf2bufr_202104.tar.gz into MASS...
### put, command-id=1147323500, estimated-cost=2268671byte(s), files=1
Argo_netcdf2bufr_202104.tar.gz arrived in MASS OK, remove tar.gz file and tmp folder from exvmarproc01
/home/marinedg
--
--
-- Ending monthly archiving run for Argo netcdf2bufr_py3 data, finished running at 20210509_01:40.
--
--
One month ago was 20210511, month 05, year 2021
Two months ago was 20210411, month 04, year 2021
--
--
-- Starting monthly archiving run for Argo BUFR py3 data, commencing 20210609_01:40.
--
--
/home/marinedg
Removing 775 netCDF files that are over 62 days old from /data/local/marinedg/argo/netcdf_py3/incoming/processed
--
Processing BUFR files at 20210609_01:40...
Tarring up 812 bufr files for 2021 05...
Putting Argo_netcdf2bufr_202105.tar.gz into MASS...
### put, command-id=1165094287, estimated-cost=2217825byte(s), files=1
Argo_netcdf2bufr_202105.tar.gz arrived in MASS OK, remove tar.gz file and tmp folder from exvmarproc01
/home/marinedg
--
--
-- Ending monthly archiving run for Argo netcdf2bufr_py3 data, finished running at 20210609_01:40.
--
--
One month ago was 20210610, month 06, year 2021
Two months ago was 20210511, month 05, year 2021
--
--
-- Starting monthly archiving run for Argo BUFR py3 data, commencing 20210709_01:40.
--
--
/home/marinedg
Removing 717 netCDF files that are over 62 days old from /data/local/marinedg/argo/netcdf_py3/incoming/processed
--
Processing BUFR files at 20210709_01:40...
Tarring up 757 bufr files for 2021 06...
Putting Argo_netcdf2bufr_202106.tar.gz into MASS...
### put, command-id=1182881733, estimated-cost=2049275byte(s), files=1
Argo_netcdf2bufr_202106.tar.gz arrived in MASS OK, remove tar.gz file and tmp folder from exvmarproc01
/home/marinedg
--
--
-- Ending monthly archiving run for Argo netcdf2bufr_py3 data, finished running at 20210709_01:40.
--
--
One month ago was 20210711, month 07, year 2021
Two months ago was 20210611, month 06, year 2021
--
--
-- Starting monthly archiving run for Argo BUFR py3 data, commencing 20210809_01:40.
--
--
/home/marinedg
Removing 715 netCDF files that are over 62 days old from /data/local/marinedg/argo/netcdf_py3/incoming/processed
--
Processing BUFR files at 20210809_01:40...
Tarring up 796 bufr files for 2021 07...
Putting Argo_netcdf2bufr_202107.tar.gz into MASS...
### put, command-id=1204247177, estimated-cost=2161182byte(s), files=1
Argo_netcdf2bufr_202107.tar.gz arrived in MASS OK, remove tar.gz file and tmp folder from exvmarproc01
/home/marinedg
--
--
-- Ending monthly archiving run for Argo netcdf2bufr_py3 data, finished running at 20210809_01:40.
--
--
One month ago was 20210811, month 08, year 2021
Two months ago was 20210712, month 07, year 2021
--
--
-- Starting monthly archiving run for Argo BUFR py3 data, commencing 20210909_01:40.
--
--
/home/marinedg
Removing 689 netCDF files that are over 62 days old from /data/local/marinedg/argo/netcdf_py3/incoming/processed
--
Processing BUFR files at 20210909_01:40...
Tarring up 781 bufr files for 2021 08...
Putting Argo_netcdf2bufr_202108.tar.gz into MASS...
### put, command-id=1226823091, estimated-cost=2129635byte(s), files=1
Argo_netcdf2bufr_202108.tar.gz arrived in MASS OK, remove tar.gz file and tmp folder from exvmarproc01
/home/marinedg
--
--
-- Ending monthly archiving run for Argo netcdf2bufr_py3 data, finished running at 20210909_01:40.
--
--
One month ago was 20210910, month 09, year 2021
Two months ago was 20210811, month 08, year 2021
--
--
-- Starting monthly archiving run for Argo BUFR py3 data, commencing 20211009_01:40.
--
--
/home/marinedg
Removing 695 netCDF files that are over 62 days old from /data/local/marinedg/argo/netcdf_py3/incoming/processed
--
Processing BUFR files at 20211009_01:40...
Tarring up 744 bufr files for 2021 09...
Putting Argo_netcdf2bufr_202109.tar.gz into MASS...
### put, command-id=1250935919, estimated-cost=1939230byte(s), files=1
Argo_netcdf2bufr_202109.tar.gz arrived in MASS OK, remove tar.gz file and tmp folder from exvmarproc01
/home/marinedg
--
--
-- Ending monthly archiving run for Argo netcdf2bufr_py3 data, finished running at 20211009_01:40.
--
--
One month ago was 20211011, month 10, year 2021
Two months ago was 20210911, month 09, year 2021
--
--
-- Starting monthly archiving run for Argo BUFR py3 data, commencing 20211109_01:40.
--
--
/home/marinedg
Removing 686 netCDF files that are over 62 days old from /data/local/marinedg/argo/netcdf_py3/incoming/processed
--
Processing BUFR files at 20211109_01:40...
Tarring up 766 bufr files for 2021 10...
Putting Argo_netcdf2bufr_202110.tar.gz into MASS...
### put, command-id=1275574980, estimated-cost=2071455byte(s), files=1
Argo_netcdf2bufr_202110.tar.gz arrived in MASS OK, remove tar.gz file and tmp folder from exvmarproc01
/home/marinedg
--
--
-- Ending monthly archiving run for Argo netcdf2bufr_py3 data, finished running at 20211109_01:40.
--
--
